<?xml version="1.0" encoding="UTF-8"?>
<testng-results ignored="0" total="1" passed="1" failed="0" skipped="0">
  <reporter-output>
  </reporter-output>
  <suite started-at="2021-02-04T20:35:22 CET" name="Default suite" finished-at="2021-02-04T20:35:37 CET" duration-ms="15568">
    <groups>
    </groups>
    <test started-at="2021-02-04T20:35:22 CET" name="Default test" finished-at="2021-02-04T20:35:37 CET" duration-ms="15568">
      <class name="tests.DemoTest">
        <test-method signature="preKlase()[pri:0, instance:tests.DemoTest@2177849e]" started-at="2021-02-04T20:35:22 CET" name="preKlase" finished-at="2021-02-04T20:35:37 CET" duration-ms="15438" status="PASS">
          <reporter-output>
          </reporter-output>
        </test-method> <!-- preKlase -->
      </class> <!-- tests.DemoTest -->
    </test> <!-- Default test -->
  </suite> <!-- Default suite -->
</testng-results>
