<?xml version="1.0" encoding="UTF-8"?>
<testng-results ignored="0" total="1" passed="1" failed="0" skipped="0">
  <reporter-output>
  </reporter-output>
  <suite started-at="2021-02-04T21:32:55 CET" name="Default suite" finished-at="2021-02-04T21:33:05 CET" duration-ms="10118">
    <groups>
    </groups>
    <test started-at="2021-02-04T21:32:55 CET" name="Default test" finished-at="2021-02-04T21:33:05 CET" duration-ms="10118">
      <class name="tests.DemoTest">
        <test-method signature="preKlase()[pri:0, instance:tests.DemoTest@d6e7bab]" started-at="2021-02-04T21:32:55 CET" name="preKlase" finished-at="2021-02-04T21:33:05 CET" duration-ms="10012" status="PASS">
          <reporter-output>
          </reporter-output>
        </test-method> <!-- preKlase -->
      </class> <!-- tests.DemoTest -->
    </test> <!-- Default test -->
  </suite> <!-- Default suite -->
</testng-results>
